<?xml version="1.0" encoding="UTF-8"?>
<!-- Generated by org.testng.reporters.JUnitReportReporter -->
<testsuite hostname="ELF34-ABHISHEKSB" failures="0" tests="1" name="MavenPracticeSession.Demowebshopshoppingcart" time="13.467" errors="0" timestamp="2022-06-13T09:46:57 IST" skipped="0">
  <testcase classname="MavenPracticeSession.Demowebshopshoppingcart" name="TC" time="13.467"/>
  <system-out/>
</testsuite> <!-- MavenPracticeSession.Demowebshopshoppingcart -->
