<?xml version="1.0" encoding="UTF-8"?>
<!-- Generated by org.testng.reporters.JUnitReportReporter -->
<testsuite hostname="ELF34-ABHISHEKSB" failures="0" tests="1" name="MavenPracticeSession.LaunchBrowserTest" time="17.520" errors="0" timestamp="2022-06-12T09:47:58 IST" skipped="0">
  <testcase classname="MavenPracticeSession.LaunchBrowserTest" name="TC" time="17.520"/>
  <system-out/>
</testsuite> <!-- MavenPracticeSession.LaunchBrowserTest -->
