<?xml version="1.0" encoding="UTF-8"?>
<!-- Generated by org.testng.reporters.JUnitReportReporter -->
<testsuite hostname="ELF34-ABHISHEKSB" failures="0" tests="1" name="MavenPracticeSession.DemowebshopWishlistTest" time="9.013" errors="0" timestamp="2022-06-13T09:28:48 IST" skipped="0">
  <testcase classname="MavenPracticeSession.DemowebshopWishlistTest" name="login" time="9.013"/>
  <system-out/>
</testsuite> <!-- MavenPracticeSession.DemowebshopWishlistTest -->
